=N:[UVMSource] Using sources from 'C:\Users\tanma\AppData\Local\metrics-ca\dsim\20240422.9.0\uvm\1.2'
=N:[UsageMeter (2024-10-24 21:52:18 India Standard Time)] usage server initial connection
=N:[License] 
Licensed for Metrics Design Automation.
=N:[License] New lease granted.
Analyzing...
Elaborating...
  Top-level modules:
    $unit
=W:[IneffectiveDynamicCast]:
    The following dynamic $cast cases will always be false    

    C:\Users\tanma\AppData\Local\metrics-ca\dsim\20240422.9.0\uvm\1.2\src\base\uvm_callback.svh:521:9              class uvm_pkg::uvm_callbacks#(class uvm_pkg::uvm_phase,class uvm_pkg::uvm_phase_cb)    class uvm_pkg::uvm_callbacks#(class uvm_pkg::uvm_phase,class uvm_pkg::uvm_callback)    
    Included from C:\Users\tanma\AppData\Local\metrics-ca\dsim\20240422.9.0\uvm\1.2\src\base\uvm_base.svh:76:12                                                                                                                                                                                  
    Included from C:\Users\tanma\AppData\Local\metrics-ca\dsim\20240422.9.0\uvm\1.2\src\uvm_pkg.sv:31:12                                                                                                                                                                                         

    C:\Users\tanma\AppData\Local\metrics-ca\dsim\20240422.9.0\uvm\1.2\src\base\uvm_callback.svh:671:12             class uvm_pkg::uvm_phase                                                               class uvm_pkg::uvm_report_object                                                       
    Included from C:\Users\tanma\AppData\Local\metrics-ca\dsim\20240422.9.0\uvm\1.2\src\base\uvm_base.svh:76:12                                                                                                                                                                                  

    C:\Users\tanma\AppData\Local\metrics-ca\dsim\20240422.9.0\uvm\1.2\src\base\uvm_callback.svh:731:10             class uvm_pkg::uvm_component                                                           class uvm_pkg::uvm_phase                                                               
    Included from C:\Users\tanma\AppData\Local\metrics-ca\dsim\20240422.9.0\uvm\1.2\src\base\uvm_base.svh:76:12                                                                                                                                                                                  

    C:\Users\tanma\AppData\Local\metrics-ca\dsim\20240422.9.0\uvm\1.2\src\base\uvm_callback.svh:808:10             class uvm_pkg::uvm_component                                                           class uvm_pkg::uvm_phase                                                               
    Included from C:\Users\tanma\AppData\Local\metrics-ca\dsim\20240422.9.0\uvm\1.2\src\base\uvm_base.svh:76:12                                                                                                                                                                                  

=E:[UnresolvedModule]:
    Unable to find definitions for the following       
    module/interface/program/UDP/checker instances:    

    Defined at (internal):0:0    apb_intrf    

    Defined at (internal):0:0    apb_intrf    

=E:[IllegalMemberSelect]:
    A member-select(dot) operation is not valid    
    for the given prefix types:                    

                                                                                                                              Prefix type    Illegal suffix    

    apb_driver.sv:34:8                                                                                                        <error>        presetn           

    apb_driver.sv:35:17                                                                                                       <error>        pclk              

    Defined at apb_driver.sv:3:16                                                                                             <error>        DRV               
    Expanded from apb_driver.sv:36:7                                                                                                                           

    Defined at apb_driver.sv:3:16                                                                                             <error>        DRV               
    Expanded from apb_driver.sv:37:7                                                                                                                           

    Defined at apb_driver.sv:3:16                                                                                             <error>        DRV               
    Expanded from apb_driver.sv:38:7                                                                                                                           

    Defined at apb_driver.sv:3:16                                                                                             <error>        DRV               
    Expanded from apb_driver.sv:39:7                                                                                                                           

    Defined at apb_driver.sv:3:16                                                                                             <error>        DRV               
    Expanded from apb_driver.sv:40:7                                                                                                                           

    Defined at apb_driver.sv:3:16                                                                                             <error>        DRV               
    Expanded from apb_driver.sv:41:7                                                                                                                           

    apb_driver.sv:45:17                                                                                                       <error>        pclk              

    Defined at apb_driver.sv:3:16                                                                                             <error>        DRV               
    Expanded from apb_driver.sv:46:7                                                                                                                           

    Defined at apb_driver.sv:3:16                                                                                             <error>        DRV               
    Expanded from apb_driver.sv:47:7                                                                                                                           

    Defined at apb_driver.sv:3:16                                                                                             <error>        DRV               
    Expanded from apb_driver.sv:48:7                                                                                                                           

    Defined at apb_driver.sv:3:16                                                                                             <error>        DRV               
    Expanded from apb_driver.sv:49:7                                                                                                                           

    apb_driver.sv:50:17                                                                                                       <error>        pclk              

    Defined at apb_driver.sv:3:16                                                                                             <error>        DRV               
    Expanded from apb_driver.sv:51:7                                                                                                                           

    apb_driver.sv:52:17                                                                                                       <error>        pclk              

    Defined at apb_driver.sv:3:16                                                                                             <error>        DRV               
    Expanded from apb_driver.sv:53:7                                                                                                                           

    Defined at apb_driver.sv:3:16                                                                                             <error>        DRV               
    Expanded from apb_driver.sv:54:7                                                                                                                           

    Defined at C:\Users\tanma\AppData\Local\metrics-ca\dsim\20240422.9.0\uvm\1.2\src\macros\uvm_message_defines.svh:121:37    <error>        DRV               
    Expanded from apb_driver.sv:55:7                                                                                                                           

    Defined at C:\Users\tanma\AppData\Local\metrics-ca\dsim\20240422.9.0\uvm\1.2\src\macros\uvm_message_defines.svh:121:60    <error>        DRV               
    Expanded from apb_driver.sv:55:7                                                                                                                           

    Defined at C:\Users\tanma\AppData\Local\metrics-ca\dsim\20240422.9.0\uvm\1.2\src\macros\uvm_message_defines.svh:122:8     <error>        DRV               
    Expanded from apb_driver.sv:55:7                                                                                                                           

    Defined at C:\Users\tanma\AppData\Local\metrics-ca\dsim\20240422.9.0\uvm\1.2\src\macros\uvm_message_defines.svh:122:33    <error>        DRV               
    Expanded from apb_driver.sv:55:7                                                                                                                           

    Defined at C:\Users\tanma\AppData\Local\metrics-ca\dsim\20240422.9.0\uvm\1.2\src\macros\uvm_message_defines.svh:122:57    <error>        DRV               
    Expanded from apb_driver.sv:55:7                                                                                                                           

  Metrics DSim version: 20240422.9.0 (b:R #c:0 h:d63c52d5c2 os:msys2_)
